0 info it worked if it ends with ok
1 verbose cli [ 'E:\\Program Files\\nodejs\\node.exe',
1 verbose cli   'E:\\Program Files\\nodejs\\node_modules\\npm\\bin\\npm-cli.js',
1 verbose cli   'run',
1 verbose cli   'dev\\' ]
2 info using npm@6.4.1
3 info using node@v10.15.1
4 verbose stack Error: missing script: dev\
4 verbose stack
4 verbose stack Did you mean this?
4 verbose stack     dev
4 verbose stack     at run (E:\Program Files\nodejs\node_modules\npm\lib\run-script.js:155:19)
4 verbose stack     at E:\Program Files\nodejs\node_modules\npm\lib\run-script.js:63:5
4 verbose stack     at E:\Program Files\nodejs\node_modules\npm\node_modules\read-package-json\read-json.js:115:5
4 verbose stack     at E:\Program Files\nodejs\node_modules\npm\node_modules\read-package-json\read-json.js:418:5
4 verbose stack     at checkBinReferences_ (E:\Program Files\nodejs\node_modules\npm\node_modules\read-package-json\read-json.js:373:45)
4 verbose stack     at final (E:\Program Files\nodejs\node_modules\npm\node_modules\read-package-json\read-json.js:416:3)
4 verbose stack     at then (E:\Program Files\nodejs\node_modules\npm\node_modules\read-package-json\read-json.js:160:5)
4 verbose stack     at E:\Program Files\nodejs\node_modules\npm\node_modules\read-package-json\read-json.js:364:12
4 verbose stack     at E:\Program Files\nodejs\node_modules\npm\node_modules\graceful-fs\graceful-fs.js:78:16
4 verbose stack     at FSReqWrap.readFileAfterClose [as oncomplete] (internal/fs/read_file_context.js:53:3)
5 verbose cwd E:\LIDY-project\The-server-of-e-commerce
6 verbose Windows_NT 10.0.18362
7 verbose argv "E:\\Program Files\\nodejs\\node.exe" "E:\\Program Files\\nodejs\\node_modules\\npm\\bin\\npm-cli.js" "run" "dev\\"
8 verbose node v10.15.1
9 verbose npm  v6.4.1
10 error missing script: dev\
10 error
10 error Did you mean this?
10 error     dev
11 verbose exit [ 1, true ]
